2022-04-07 15:52:40 [scrapy.utils.log] INFO: Scrapy 1.7.3 started (bot: G_market2)
2022-04-07 15:52:40 [scrapy.utils.log] INFO: Versions: lxml 4.5.0.0, libxml2 2.9.10, cssselect 1.1.0, parsel 1.5.2, w3lib 1.21.0, Twisted 18.9.0, Python 3.8.10 (default, Mar 15 2022, 12:22:08) - [GCC 9.4.0], pyOpenSSL 19.0.0 (OpenSSL 1.1.1f  31 Mar 2020), cryptography 2.8, Platform Linux-5.10.102.1-microsoft-standard-WSL2-x86_64-with-glibc2.29
2022-04-07 15:52:40 [scrapy.crawler] INFO: Overridden settings: {'BOT_NAME': 'G_market2', 'DUPEFILTER_CLASS': 'scrapy.dupefilters.BaseDupeFilter', 'LOGSTATS_INTERVAL': 0, 'LOG_FILE': 'G_market2.log', 'NEWSPIDER_MODULE': 'G_market2.spiders', 'SPIDER_MODULES': ['G_market2.spiders']}
2022-04-07 15:52:40 [scrapy.extensions.telnet] INFO: Telnet Password: 99806cb0ce2bf8d2
2022-04-07 15:52:40 [scrapy.middleware] INFO: Enabled extensions:
['scrapy.extensions.corestats.CoreStats',
 'scrapy.extensions.telnet.TelnetConsole',
 'scrapy.extensions.memusage.MemoryUsage']
2022-04-07 15:52:40 [scrapy.middleware] INFO: Enabled downloader middlewares:
['scrapy.downloadermiddlewares.httpauth.HttpAuthMiddleware',
 'scrapy.downloadermiddlewares.downloadtimeout.DownloadTimeoutMiddleware',
 'scrapy.downloadermiddlewares.defaultheaders.DefaultHeadersMiddleware',
 'scrapy.downloadermiddlewares.useragent.UserAgentMiddleware',
 'scrapy.downloadermiddlewares.retry.RetryMiddleware',
 'scrapy.downloadermiddlewares.redirect.MetaRefreshMiddleware',
 'scrapy.downloadermiddlewares.httpcompression.HttpCompressionMiddleware',
 'scrapy.downloadermiddlewares.redirect.RedirectMiddleware',
 'scrapy.downloadermiddlewares.cookies.CookiesMiddleware',
 'scrapy.downloadermiddlewares.httpproxy.HttpProxyMiddleware',
 'scrapy.downloadermiddlewares.stats.DownloaderStats']
2022-04-07 15:52:40 [scrapy.middleware] INFO: Enabled spider middlewares:
['scrapy.spidermiddlewares.httperror.HttpErrorMiddleware',
 'scrapy.spidermiddlewares.offsite.OffsiteMiddleware',
 'scrapy.spidermiddlewares.referer.RefererMiddleware',
 'scrapy.spidermiddlewares.urllength.UrlLengthMiddleware',
 'scrapy.spidermiddlewares.depth.DepthMiddleware']
2022-04-07 15:52:40 [scrapy.middleware] INFO: Enabled item pipelines:
[]
2022-04-07 15:52:40 [scrapy.extensions.telnet] INFO: Telnet console listening on 127.0.0.1:6023
2022-04-07 15:52:42 [asyncio] DEBUG: Using selector: EpollSelector
2022-04-07 15:52:43 [asyncio] DEBUG: Using selector: EpollSelector
2022-04-07 15:54:13 [scrapy.core.engine] INFO: Spider opened
2022-04-07 15:54:14 [scrapy.downloadermiddlewares.retry] DEBUG: Retrying <GET file:///%2A%5B%40id%3D%22section__inner-content-body-container%22%5D/div%5B2%5D/div%5B1%5D/div%5B1%5D/div%5B2%5D/div%5B1%5D/div%5B2%5D/span/a> (failed 1 times): [Errno 2] No such file or directory: '/*[@id="section__inner-content-body-container"]/div[2]/div[1]/div[1]/div[2]/div[1]/div[2]/span/a'
2022-04-07 15:54:14 [scrapy.downloadermiddlewares.retry] DEBUG: Retrying <GET file:///%2A%5B%40id%3D%22section__inner-content-body-container%22%5D/div%5B2%5D/div%5B1%5D/div%5B1%5D/div%5B2%5D/div%5B1%5D/div%5B2%5D/span/a> (failed 2 times): [Errno 2] No such file or directory: '/*[@id="section__inner-content-body-container"]/div[2]/div[1]/div[1]/div[2]/div[1]/div[2]/span/a'
2022-04-07 15:54:14 [scrapy.downloadermiddlewares.retry] DEBUG: Gave up retrying <GET file:///%2A%5B%40id%3D%22section__inner-content-body-container%22%5D/div%5B2%5D/div%5B1%5D/div%5B1%5D/div%5B2%5D/div%5B1%5D/div%5B2%5D/span/a> (failed 3 times): [Errno 2] No such file or directory: '/*[@id="section__inner-content-body-container"]/div[2]/div[1]/div[1]/div[2]/div[1]/div[2]/span/a'
2022-04-07 15:55:05 [scrapy.core.engine] DEBUG: Crawled (200) <GET https://browse.gmarket.co.kr/search?keyword=%eb%85%b8%ed%8a%b8%eb%b6%81&s=8> (referer: None)
2022-04-07 15:55:27 [scrapy.utils.log] INFO: Scrapy 1.7.3 started (bot: G_market2)
2022-04-07 15:55:27 [scrapy.utils.log] INFO: Versions: lxml 4.5.0.0, libxml2 2.9.10, cssselect 1.1.0, parsel 1.5.2, w3lib 1.21.0, Twisted 18.9.0, Python 3.8.10 (default, Mar 15 2022, 12:22:08) - [GCC 9.4.0], pyOpenSSL 19.0.0 (OpenSSL 1.1.1f  31 Mar 2020), cryptography 2.8, Platform Linux-5.10.102.1-microsoft-standard-WSL2-x86_64-with-glibc2.29
2022-04-07 15:55:27 [scrapy.crawler] INFO: Overridden settings: {'BOT_NAME': 'G_market2', 'DUPEFILTER_CLASS': 'scrapy.dupefilters.BaseDupeFilter', 'LOGSTATS_INTERVAL': 0, 'LOG_FILE': 'G_market2.log', 'NEWSPIDER_MODULE': 'G_market2.spiders', 'SPIDER_MODULES': ['G_market2.spiders']}
2022-04-07 15:55:27 [scrapy.extensions.telnet] INFO: Telnet Password: 64eec60e9ba356a9
2022-04-07 15:55:27 [scrapy.middleware] INFO: Enabled extensions:
['scrapy.extensions.corestats.CoreStats',
 'scrapy.extensions.telnet.TelnetConsole',
 'scrapy.extensions.memusage.MemoryUsage']
2022-04-07 15:55:27 [scrapy.middleware] INFO: Enabled downloader middlewares:
['scrapy.downloadermiddlewares.httpauth.HttpAuthMiddleware',
 'scrapy.downloadermiddlewares.downloadtimeout.DownloadTimeoutMiddleware',
 'scrapy.downloadermiddlewares.defaultheaders.DefaultHeadersMiddleware',
 'scrapy.downloadermiddlewares.useragent.UserAgentMiddleware',
 'scrapy.downloadermiddlewares.retry.RetryMiddleware',
 'scrapy.downloadermiddlewares.redirect.MetaRefreshMiddleware',
 'scrapy.downloadermiddlewares.httpcompression.HttpCompressionMiddleware',
 'scrapy.downloadermiddlewares.redirect.RedirectMiddleware',
 'scrapy.downloadermiddlewares.cookies.CookiesMiddleware',
 'scrapy.downloadermiddlewares.httpproxy.HttpProxyMiddleware',
 'scrapy.downloadermiddlewares.stats.DownloaderStats']
2022-04-07 15:55:27 [scrapy.middleware] INFO: Enabled spider middlewares:
['scrapy.spidermiddlewares.httperror.HttpErrorMiddleware',
 'scrapy.spidermiddlewares.offsite.OffsiteMiddleware',
 'scrapy.spidermiddlewares.referer.RefererMiddleware',
 'scrapy.spidermiddlewares.urllength.UrlLengthMiddleware',
 'scrapy.spidermiddlewares.depth.DepthMiddleware']
2022-04-07 15:55:27 [scrapy.middleware] INFO: Enabled item pipelines:
[]
2022-04-07 15:55:27 [scrapy.extensions.telnet] INFO: Telnet console listening on 127.0.0.1:6024
2022-04-07 15:55:28 [asyncio] DEBUG: Using selector: EpollSelector
2022-04-07 15:55:29 [asyncio] DEBUG: Using selector: EpollSelector
2022-04-07 15:55:49 [scrapy.core.engine] INFO: Spider opened
2022-04-07 15:55:51 [scrapy.core.engine] DEBUG: Crawled (200) <GET https://browse.gmarket.co.kr/search?keyword=%eb%85%b8%ed%8a%b8%eb%b6%81&s=8> (referer: None)
2022-04-07 22:58:39 [scrapy.utils.log] INFO: Scrapy 1.7.3 started (bot: G_market2)
2022-04-07 22:58:39 [scrapy.utils.log] INFO: Versions: lxml 4.5.0.0, libxml2 2.9.10, cssselect 1.1.0, parsel 1.5.2, w3lib 1.21.0, Twisted 18.9.0, Python 3.8.10 (default, Mar 15 2022, 12:22:08) - [GCC 9.4.0], pyOpenSSL 19.0.0 (OpenSSL 1.1.1f  31 Mar 2020), cryptography 2.8, Platform Linux-5.10.102.1-microsoft-standard-WSL2-x86_64-with-glibc2.29
2022-04-07 22:58:39 [scrapy.crawler] INFO: Overridden settings: {'BOT_NAME': 'G_market2', 'DUPEFILTER_CLASS': 'scrapy.dupefilters.BaseDupeFilter', 'LOGSTATS_INTERVAL': 0, 'LOG_FILE': 'G_market2.log', 'NEWSPIDER_MODULE': 'G_market2.spiders', 'SPIDER_MODULES': ['G_market2.spiders']}
2022-04-07 22:58:40 [scrapy.extensions.telnet] INFO: Telnet Password: be5674e25e80f258
2022-04-07 22:58:40 [scrapy.middleware] INFO: Enabled extensions:
['scrapy.extensions.corestats.CoreStats',
 'scrapy.extensions.telnet.TelnetConsole',
 'scrapy.extensions.memusage.MemoryUsage']
2022-04-07 22:58:40 [scrapy.middleware] INFO: Enabled downloader middlewares:
['scrapy.downloadermiddlewares.httpauth.HttpAuthMiddleware',
 'scrapy.downloadermiddlewares.downloadtimeout.DownloadTimeoutMiddleware',
 'scrapy.downloadermiddlewares.defaultheaders.DefaultHeadersMiddleware',
 'scrapy.downloadermiddlewares.useragent.UserAgentMiddleware',
 'scrapy.downloadermiddlewares.retry.RetryMiddleware',
 'scrapy.downloadermiddlewares.redirect.MetaRefreshMiddleware',
 'scrapy.downloadermiddlewares.httpcompression.HttpCompressionMiddleware',
 'scrapy.downloadermiddlewares.redirect.RedirectMiddleware',
 'scrapy.downloadermiddlewares.cookies.CookiesMiddleware',
 'scrapy.downloadermiddlewares.httpproxy.HttpProxyMiddleware',
 'scrapy.downloadermiddlewares.stats.DownloaderStats']
2022-04-07 22:58:40 [scrapy.middleware] INFO: Enabled spider middlewares:
['scrapy.spidermiddlewares.httperror.HttpErrorMiddleware',
 'scrapy.spidermiddlewares.offsite.OffsiteMiddleware',
 'scrapy.spidermiddlewares.referer.RefererMiddleware',
 'scrapy.spidermiddlewares.urllength.UrlLengthMiddleware',
 'scrapy.spidermiddlewares.depth.DepthMiddleware']
2022-04-07 22:58:40 [scrapy.middleware] INFO: Enabled item pipelines:
[]
2022-04-07 22:58:40 [scrapy.extensions.telnet] INFO: Telnet console listening on 127.0.0.1:6023
2022-04-07 22:58:41 [asyncio] DEBUG: Using selector: EpollSelector
2022-04-07 22:58:41 [asyncio] DEBUG: Using selector: EpollSelector
2022-04-07 22:59:48 [scrapy.core.engine] INFO: Spider opened
2022-04-07 22:59:50 [scrapy.core.engine] DEBUG: Crawled (200) <GET https://browse.gmarket.co.kr/search?keyword=%eb%85%b8%ed%8a%b8%eb%b6%81&s=8> (referer: None)
2022-04-07 23:43:19 [scrapy.core.engine] DEBUG: Crawled (200) <GET https://browse.gmarket.co.kr/search?keyword=%eb%85%b8%ed%8a%b8%eb%b6%81&s=8> (referer: None)
2022-04-07 23:43:27 [scrapy.core.engine] DEBUG: Crawled (200) <GET http://item.gmarket.co.kr/Item?goodscode=2100019170> (referer: None)
